<?xml version="1.0" encoding="UTF-8"?>
<!-- Generated by org.testng.reporters.JUnitXMLReporter -->
<testsuite ignored="0" hostname="SLB-C6J0533" failures="0" tests="20" name="Default test" time="28.824" errors="0" timestamp="2024-09-22T10:22:07 IST">
  <testcase classname="api.test.DDTests" name="testpostUser" time="3.565"/>
  <testcase classname="api.test.DDTests" name="testpostUser" time="1.144"/>
  <testcase classname="api.test.DDTests" name="testpostUser" time="1.081"/>
  <testcase classname="api.test.DDTests" name="testpostUser" time="1.116"/>
  <testcase classname="api.test.DDTests" name="testpostUser" time="1.078"/>
  <testcase classname="api.test.DDTests" name="testpostUser" time="1.174"/>
  <testcase classname="api.test.DDTests" name="testpostUser" time="1.214"/>
  <testcase classname="api.test.DDTests" name="testpostUser" time="1.396"/>
  <testcase classname="api.test.DDTests" name="testpostUser" time="1.824"/>
  <testcase classname="api.test.DDTests" name="testpostUser" time="1.328"/>
  <testcase classname="api.test.DDTests" name="testDeleteUserNyName" time="1.17"/>
  <testcase classname="api.test.DDTests" name="testDeleteUserNyName" time="1.112"/>
  <testcase classname="api.test.DDTests" name="testDeleteUserNyName" time="1.171"/>
  <testcase classname="api.test.DDTests" name="testDeleteUserNyName" time="1.116"/>
  <testcase classname="api.test.DDTests" name="testDeleteUserNyName" time="1.122"/>
  <testcase classname="api.test.DDTests" name="testDeleteUserNyName" time="1.119"/>
  <testcase classname="api.test.DDTests" name="testDeleteUserNyName" time="1.109"/>
  <testcase classname="api.test.DDTests" name="testDeleteUserNyName" time="1.125"/>
  <testcase classname="api.test.DDTests" name="testDeleteUserNyName" time="1.108"/>
  <testcase classname="api.test.DDTests" name="testDeleteUserNyName" time="1.116"/>
</testsuite> <!-- Default test -->
