<?xml version="1.0" encoding="UTF-8"?>
<testng-results ignored="0" total="4" passed="4" failed="0" skipped="0">
  <reporter-output>
  </reporter-output>
  <suite started-at="2024-09-22T11:30:22 IST" name="PetSuite" finished-at="2024-09-22T11:30:41 IST" duration-ms="18798">
    <groups>
    </groups>
    <test started-at="2024-09-22T11:30:22 IST" name="PetTests" finished-at="2024-09-22T11:30:41 IST" duration-ms="18798">
      <class name="api.test.UserTests">
        <test-method is-config="true" signature="setup()[pri:0, instance:api.test.UserTests@72cc7e6f]" started-at="2024-09-22T11:30:23 IST" name="setup" finished-at="2024-09-22T11:30:26 IST" duration-ms="2706" status="PASS">
          <reporter-output>
          </reporter-output>
        </test-method> <!-- setup -->
        <test-method signature="testpostUser()[pri:1, instance:api.test.UserTests@72cc7e6f]" started-at="2024-09-22T11:30:26 IST" name="testpostUser" finished-at="2024-09-22T11:30:34 IST" duration-ms="8401" status="PASS">
          <reporter-output>
          </reporter-output>
        </test-method> <!-- testpostUser -->
        <test-method signature="testGetUserByName()[pri:2, instance:api.test.UserTests@72cc7e6f]" started-at="2024-09-22T11:30:34 IST" name="testGetUserByName" finished-at="2024-09-22T11:30:37 IST" duration-ms="2300" status="PASS">
          <reporter-output>
          </reporter-output>
        </test-method> <!-- testGetUserByName -->
        <test-method signature="testUpdateUserByName()[pri:3, instance:api.test.UserTests@72cc7e6f]" started-at="2024-09-22T11:30:37 IST" name="testUpdateUserByName" finished-at="2024-09-22T11:30:40 IST" duration-ms="3057" status="PASS">
          <reporter-output>
          </reporter-output>
        </test-method> <!-- testUpdateUserByName -->
        <test-method signature="testDeleteUserByName()[pri:4, instance:api.test.UserTests@72cc7e6f]" started-at="2024-09-22T11:30:40 IST" name="testDeleteUserByName" finished-at="2024-09-22T11:30:41 IST" duration-ms="1552" status="PASS">
          <reporter-output>
          </reporter-output>
        </test-method> <!-- testDeleteUserByName -->
      </class> <!-- api.test.UserTests -->
    </test> <!-- PetTests -->
  </suite> <!-- PetSuite -->
</testng-results>
