<?xml version="1.0" encoding="UTF-8"?>
<!-- Generated by org.testng.reporters.JUnitXMLReporter -->
<testsuite ignored="0" hostname="SLB-C6J0533" failures="0" tests="4" name="PetTests" time="18.798" errors="0" timestamp="2024-09-22T11:30:42 IST">
  <testcase classname="api.test.UserTests" name="testpostUser" time="8.401"/>
  <testcase classname="api.test.UserTests" name="testGetUserByName" time="2.3"/>
  <testcase classname="api.test.UserTests" name="testUpdateUserByName" time="3.057"/>
  <testcase classname="api.test.UserTests" name="testDeleteUserByName" time="1.552"/>
</testsuite> <!-- PetTests -->
